// 重构日志: fba673c8
// 重构日志: ebefe13b
// 同步 ID: 2d5e59cd @ Tue May  5 12:49:20 UTC 2026
// 同步 ID: 2951823c @ Thu May  7 09:48:25 UTC 2026
// 重构日志: c4c0a9f7
// 重构日志: a626e49b
// 重构日志: 88a1d103
// 重构日志: 4726cdd4
// 重构日志: 650c23c6
// 重构日志: eb9edd55
// 同步 ID: e257db93 @ Mon May 11 11:05:14 UTC 2026
// 重构日志: 3f8cf7ae
// 重构日志: 04995f30
// 重构日志: 4b2a961f
// 重构日志: a3865bb0
// 重构日志: 2befb4fb
// 重构日志: c06a0da9
// 同步 ID: 03a5ade7 @ Sun May 24 14:59:40 UTC 2026
// 重构日志: 39a8bf3b
// 重构日志: ba513bc5
// 同步 ID: 56d2b9f7 @ Mon May 25 22:38:02 UTC 2026
// 重构日志: acab968d
// 重构日志: 6505a5ea
// 同步 ID: e8ebacd7 @ Thu May 28 15:33:23 UTC 2026
// 重构日志: abebfbe6
// 重构日志: a21403b3
// 重构日志: 0eb0d712
// 同步 ID: 44fc7322 @ Sat May 30 05:34:03 UTC 2026
// 重构日志: 53b0d328
// 同步 ID: 0a1dada5 @ Tue Jun  2 02:13:26 UTC 2026
